<?xml version="1.0" encoding="UTF-8"?>
<testsuite xmlns:xsi="http://www.w3.org/2001/XMLSchema-instance" xsi:noNamespaceSchemaLocation="https://maven.apache.org/surefire/maven-surefire-plugin/xsd/surefire-test-report.xsd" name="org.example.AppTest" time="0.04" tests="1" errors="0" skipped="0" failures="0">
  <properties>
    <property name="sun.desktop" value="windows"/>
    <property name="awt.toolkit" value="sun.awt.windows.WToolkit"/>
    <property name="file.encoding.pkg" value="sun.io"/>
    <property name="java.specification.version" value="1.8"/>
    <property name="sun.cpu.isalist" value="amd64"/>
    <property name="sun.jnu.encoding" value="Cp1252"/>
    <property name="java.class.path" value="C:\Users\jariwabh\IdeaProjects\ElementaryDataStrcture\java\Leetcode\target\test-classes;C:\Users\jariwabh\IdeaProjects\ElementaryDataStrcture\java\Leetcode\target\classes;C:\Users\jariwabh\.m2\repository\junit\junit\4.11\junit-4.11.jar;C:\Users\jariwabh\.m2\repository\org\hamcrest\hamcrest-core\1.3\hamcrest-core-1.3.jar;"/>
    <property name="java.vm.vendor" value="Red Hat, Inc."/>
    <property name="sun.arch.data.model" value="64"/>
    <property name="user.variant" value=""/>
    <property name="java.vendor.url" value="https://developers.redhat.com/"/>
    <property name="user.timezone" value="Asia/Calcutta"/>
    <property name="java.vm.specification.version" value="1.8"/>
    <property name="os.name" value="Windows 10"/>
    <property name="user.country" value="US"/>
    <property name="sun.java.launcher" value="SUN_STANDARD"/>
    <property name="sun.boot.library.path" value="C:\Program Files\RedHat\java-1.8.0-openjdk-1.8.0.322-2\jre\bin"/>
    <property name="sun.java.command" value="C:\Users\jariwabh\AppData\Local\Temp\surefire2596444206466341409\surefirebooter2462497858812930488.jar C:\Users\jariwabh\AppData\Local\Temp\surefire2596444206466341409 2022-10-16T11-59-52_739-jvmRun1 surefire3482472014101004781tmp surefire_07374474883347844497tmp"/>
    <property name="surefire.test.class.path" value="C:\Users\jariwabh\IdeaProjects\ElementaryDataStrcture\java\Leetcode\target\test-classes;C:\Users\jariwabh\IdeaProjects\ElementaryDataStrcture\java\Leetcode\target\classes;C:\Users\jariwabh\.m2\repository\junit\junit\4.11\junit-4.11.jar;C:\Users\jariwabh\.m2\repository\org\hamcrest\hamcrest-core\1.3\hamcrest-core-1.3.jar;"/>
    <property name="sun.cpu.endian" value="little"/>
    <property name="user.home" value="C:\Users\jariwabh"/>
    <property name="user.language" value="en"/>
    <property name="java.specification.vendor" value="Oracle Corporation"/>
    <property name="java.home" value="C:\Program Files\RedHat\java-1.8.0-openjdk-1.8.0.322-2\jre"/>
    <property name="basedir" value="C:\Users\jariwabh\IdeaProjects\ElementaryDataStrcture\java\Leetcode"/>
    <property name="file.separator" value="\"/>
    <property name="line.separator" value="&#10;"/>
    <property name="java.vm.specification.vendor" value="Oracle Corporation"/>
    <property name="java.specification.name" value="Java Platform API Specification"/>
    <property name="java.awt.graphicsenv" value="sun.awt.Win32GraphicsEnvironment"/>
    <property name="surefire.real.class.path" value="C:\Users\jariwabh\AppData\Local\Temp\surefire2596444206466341409\surefirebooter2462497858812930488.jar"/>
    <property name="sun.boot.class.path" value="C:\Program Files\RedHat\java-1.8.0-openjdk-1.8.0.322-2\jre\lib\resources.jar;C:\Program Files\RedHat\java-1.8.0-openjdk-1.8.0.322-2\jre\lib\rt.jar;C:\Program Files\RedHat\java-1.8.0-openjdk-1.8.0.322-2\jre\lib\sunrsasign.jar;C:\Program Files\RedHat\java-1.8.0-openjdk-1.8.0.322-2\jre\lib\jsse.jar;C:\Program Files\RedHat\java-1.8.0-openjdk-1.8.0.322-2\jre\lib\jce.jar;C:\Program Files\RedHat\java-1.8.0-openjdk-1.8.0.322-2\jre\lib\charsets.jar;C:\Program Files\RedHat\java-1.8.0-openjdk-1.8.0.322-2\jre\lib\jfr.jar;C:\Program Files\RedHat\java-1.8.0-openjdk-1.8.0.322-2\jre\classes"/>
    <property name="user.script" value=""/>
    <property name="sun.management.compiler" value="HotSpot 64-Bit Tiered Compilers"/>
    <property name="java.runtime.version" value="1.8.0_322-b06"/>
    <property name="user.name" value="jariwabh"/>
    <property name="path.separator" value=";"/>
    <property name="os.version" value="10.0"/>
    <property name="java.endorsed.dirs" value="C:\Program Files\RedHat\java-1.8.0-openjdk-1.8.0.322-2\jre\lib\endorsed"/>
    <property name="java.runtime.name" value="OpenJDK Runtime Environment"/>
    <property name="file.encoding" value="Cp1252"/>
    <property name="java.vm.name" value="OpenJDK 64-Bit Server VM"/>
    <property name="localRepository" value="C:\Users\jariwabh\.m2\repository"/>
    <property name="java.vendor.url.bug" value="https://bugzilla.redhat.com/enter_bug.cgi"/>
    <property name="java.io.tmpdir" value="C:\Users\jariwabh\AppData\Local\Temp\"/>
    <property name="java.version" value="1.8.0_322"/>
    <property name="user.dir" value="C:\Users\jariwabh\IdeaProjects\ElementaryDataStrcture\java\Leetcode"/>
    <property name="os.arch" value="amd64"/>
    <property name="java.vm.specification.name" value="Java Virtual Machine Specification"/>
    <property name="java.awt.printerjob" value="sun.awt.windows.WPrinterJob"/>
    <property name="sun.os.patch.level" value=""/>
    <property name="java.library.path" value="C:\Program Files\RedHat\java-1.8.0-openjdk-1.8.0.322-2\jre\bin;C:\WINDOWS\Sun\Java\bin;C:\WINDOWS\system32;C:\WINDOWS;C:\Program Files\Intel\Intel(R) Management Engine Components\iCLS\;C:\WINDOWS\system32;C:\WINDOWS;C:\WINDOWS\System32\Wbem;C:\WINDOWS\System32\WindowsPowerShell\v1.0\;C:\WINDOWS\System32\OpenSSH\;C:\Program Files (x86)\Intel\Intel(R) Management Engine Components\DAL;C:\Program Files\Intel\Intel(R) Management Engine Components\DAL;C:\Program Files (x86)\Intel\Intel(R) Management Engine Components\IPT;C:\Program Files\Intel\Intel(R) Management Engine Components\IPT;C:\ProgramData\chocolatey\bin;C:\Go\bin;C:\Program Files\glhc-tools;C:\Program Files\Amazon\AWSCLI\bin\;C:\Program Files\OpenSSL\bin;C:\Program Files\CMake\bin;C:\Program Files\Amazon\AWSCLIV2\;C:\Program Files\qemu;C:\Program Files\PuTTY\;C:\Program Files\Docker\Docker\resources\bin;C:\ProgramData\DockerDesktop\version-bin;C:\Program Files\Git\cmd;C:\HashiCorp\Vagrant\bin;C:\Program Files (x86)\IncrediBuild;C:\Program Files\OpenJDK\jdk-17.0.1\bin;C:\Program Files\OpenJDK\jdk-17.0.1\jre\bin;C:\Program Files\dotnet\;C:\Users\jariwabh\.cargo\bin;C:\Users\jariwabh\AppData\Local\Programs\Python\Python38-32\Scripts\;C:\Users\jariwabh\AppData\Local\Programs\Python\Python38-32\;C:\Users\jariwabh\AppData\Local\Microsoft\WindowsApps;C:\Program Files\JetBrains\GoLand 2020.1.4\bin;C:\Users\jariwabh\AppData\Local\Programs\Microsoft VS Code Insiders\bin;C:\Users\jariwabh\go\bin;C:\Users\jariwabh\Documents\WindowsPowerShell\Scripts;C:\Users\jariwabh\AppData\Local\Microsoft\WindowsApps;C:\Program Files\OpenJDK\jdk-17.0.1\bin;C:\Progra~1\apache-maven-3.6.3-bin\bin;C:\ProgramData\DockerDesktop\version-bin\docker;C:\ProgramData\DockerDesktop\version-bin;C:\Program Files\JetBrains\PyCharm Community Edition 2021.1.3\bin;C:\Users\jariwabh\Documents\flutter\bin;C:\Users\jariwabh\.dotnet\tools;C:\Users\jariwabh\AppData\Local\Apps\ScaleFT\bin\;C:\Users\jariwabh\AppData\Local\atom\bin;C:\Program Files\JetBrains\IntelliJ IDEA Educational Edition 2022.1.1\bin;;C:\Program Files\JetBrains\PyCharm Community Edition 2022.1.2\bin;;C:\Program Files\JetBrains\GoLand 2021.1.3\bin;;C:\Program Files\Multipass\bin;C:\Users\jariwabh\.dotnet\tools;;."/>
    <property name="java.vm.info" value="mixed mode"/>
    <property name="java.vendor" value="Red Hat, Inc."/>
    <property name="java.vm.version" value="25.322-b06"/>
    <property name="java.ext.dirs" value="C:\Program Files\RedHat\java-1.8.0-openjdk-1.8.0.322-2\jre\lib\ext;C:\WINDOWS\Sun\Java\lib\ext"/>
    <property name="sun.io.unicode.encoding" value="UnicodeLittle"/>
    <property name="java.class.version" value="52.0"/>
  </properties>
  <testcase name="shouldAnswerWithTrue" classname="org.example.AppTest" time="0.002"/>
</testsuite>